<?xml version="1.0" encoding="UTF-8"?>
<testsuite xmlns:xsi="http://www.w3.org/2001/XMLSchema-instance" xsi:noNamespaceSchemaLocation="https://maven.apache.org/surefire/maven-surefire-plugin/xsd/surefire-test-report-3.0.xsd" version="3.0" name="com.crud.demo.StudentsCrudApplicationTests" time="1.907" tests="1" errors="0" skipped="0" failures="0">
  <properties>
    <property name="java.specification.version" value="23"/>
    <property name="sun.jnu.encoding" value="UTF-8"/>
    <property name="java.class.path" value="/Users/dineshkorukonda/Developer/Learn/spring-crud/demo/target/test-classes:/Users/dineshkorukonda/Developer/Learn/spring-crud/demo/target/classes:/Users/dineshkorukonda/.m2/repository/org/springframework/boot/spring-boot-starter-web/3.2.0/spring-boot-starter-web-3.2.0.jar:/Users/dineshkorukonda/.m2/repository/org/springframework/boot/spring-boot-starter/3.2.0/spring-boot-starter-3.2.0.jar:/Users/dineshkorukonda/.m2/repository/org/springframework/boot/spring-boot-starter-logging/3.2.0/spring-boot-starter-logging-3.2.0.jar:/Users/dineshkorukonda/.m2/repository/ch/qos/logback/logback-classic/1.4.11/logback-classic-1.4.11.jar:/Users/dineshkorukonda/.m2/repository/ch/qos/logback/logback-core/1.4.11/logback-core-1.4.11.jar:/Users/dineshkorukonda/.m2/repository/org/apache/logging/log4j/log4j-to-slf4j/2.21.1/log4j-to-slf4j-2.21.1.jar:/Users/dineshkorukonda/.m2/repository/org/apache/logging/log4j/log4j-api/2.21.1/log4j-api-2.21.1.jar:/Users/dineshkorukonda/.m2/repository/org/slf4j/jul-to-slf4j/2.0.9/jul-to-slf4j-2.0.9.jar:/Users/dineshkorukonda/.m2/repository/jakarta/annotation/jakarta.annotation-api/2.1.1/jakarta.annotation-api-2.1.1.jar:/Users/dineshkorukonda/.m2/repository/org/yaml/snakeyaml/2.2/snakeyaml-2.2.jar:/Users/dineshkorukonda/.m2/repository/org/springframework/boot/spring-boot-starter-json/3.2.0/spring-boot-starter-json-3.2.0.jar:/Users/dineshkorukonda/.m2/repository/com/fasterxml/jackson/core/jackson-databind/2.15.3/jackson-databind-2.15.3.jar:/Users/dineshkorukonda/.m2/repository/com/fasterxml/jackson/core/jackson-annotations/2.15.3/jackson-annotations-2.15.3.jar:/Users/dineshkorukonda/.m2/repository/com/fasterxml/jackson/core/jackson-core/2.15.3/jackson-core-2.15.3.jar:/Users/dineshkorukonda/.m2/repository/com/fasterxml/jackson/datatype/jackson-datatype-jdk8/2.15.3/jackson-datatype-jdk8-2.15.3.jar:/Users/dineshkorukonda/.m2/repository/com/fasterxml/jackson/datatype/jackson-datatype-jsr310/2.15.3/jackson-datatype-jsr310-2.15.3.jar:/Users/dineshkorukonda/.m2/repository/com/fasterxml/jackson/module/jackson-module-parameter-names/2.15.3/jackson-module-parameter-names-2.15.3.jar:/Users/dineshkorukonda/.m2/repository/org/springframework/boot/spring-boot-starter-tomcat/3.2.0/spring-boot-starter-tomcat-3.2.0.jar:/Users/dineshkorukonda/.m2/repository/org/apache/tomcat/embed/tomcat-embed-core/10.1.16/tomcat-embed-core-10.1.16.jar:/Users/dineshkorukonda/.m2/repository/org/apache/tomcat/embed/tomcat-embed-el/10.1.16/tomcat-embed-el-10.1.16.jar:/Users/dineshkorukonda/.m2/repository/org/apache/tomcat/embed/tomcat-embed-websocket/10.1.16/tomcat-embed-websocket-10.1.16.jar:/Users/dineshkorukonda/.m2/repository/org/springframework/spring-web/6.1.1/spring-web-6.1.1.jar:/Users/dineshkorukonda/.m2/repository/org/springframework/spring-beans/6.1.1/spring-beans-6.1.1.jar:/Users/dineshkorukonda/.m2/repository/io/micrometer/micrometer-observation/1.12.0/micrometer-observation-1.12.0.jar:/Users/dineshkorukonda/.m2/repository/io/micrometer/micrometer-commons/1.12.0/micrometer-commons-1.12.0.jar:/Users/dineshkorukonda/.m2/repository/org/springframework/spring-webmvc/6.1.1/spring-webmvc-6.1.1.jar:/Users/dineshkorukonda/.m2/repository/org/springframework/spring-aop/6.1.1/spring-aop-6.1.1.jar:/Users/dineshkorukonda/.m2/repository/org/springframework/spring-context/6.1.1/spring-context-6.1.1.jar:/Users/dineshkorukonda/.m2/repository/org/springframework/spring-expression/6.1.1/spring-expression-6.1.1.jar:/Users/dineshkorukonda/.m2/repository/org/springframework/boot/spring-boot-starter-data-jpa/3.2.0/spring-boot-starter-data-jpa-3.2.0.jar:/Users/dineshkorukonda/.m2/repository/org/springframework/boot/spring-boot-starter-aop/3.2.0/spring-boot-starter-aop-3.2.0.jar:/Users/dineshkorukonda/.m2/repository/org/aspectj/aspectjweaver/1.9.20.1/aspectjweaver-1.9.20.1.jar:/Users/dineshkorukonda/.m2/repository/org/springframework/boot/spring-boot-starter-jdbc/3.2.0/spring-boot-starter-jdbc-3.2.0.jar:/Users/dineshkorukonda/.m2/repository/com/zaxxer/HikariCP/5.0.1/HikariCP-5.0.1.jar:/Users/dineshkorukonda/.m2/repository/org/springframework/spring-jdbc/6.1.1/spring-jdbc-6.1.1.jar:/Users/dineshkorukonda/.m2/repository/org/hibernate/orm/hibernate-core/6.3.1.Final/hibernate-core-6.3.1.Final.jar:/Users/dineshkorukonda/.m2/repository/jakarta/persistence/jakarta.persistence-api/3.1.0/jakarta.persistence-api-3.1.0.jar:/Users/dineshkorukonda/.m2/repository/jakarta/transaction/jakarta.transaction-api/2.0.1/jakarta.transaction-api-2.0.1.jar:/Users/dineshkorukonda/.m2/repository/org/jboss/logging/jboss-logging/3.5.3.Final/jboss-logging-3.5.3.Final.jar:/Users/dineshkorukonda/.m2/repository/org/hibernate/common/hibernate-commons-annotations/6.0.6.Final/hibernate-commons-annotations-6.0.6.Final.jar:/Users/dineshkorukonda/.m2/repository/io/smallrye/jandex/3.1.2/jandex-3.1.2.jar:/Users/dineshkorukonda/.m2/repository/com/fasterxml/classmate/1.6.0/classmate-1.6.0.jar:/Users/dineshkorukonda/.m2/repository/net/bytebuddy/byte-buddy/1.14.10/byte-buddy-1.14.10.jar:/Users/dineshkorukonda/.m2/repository/org/glassfish/jaxb/jaxb-runtime/4.0.4/jaxb-runtime-4.0.4.jar:/Users/dineshkorukonda/.m2/repository/org/glassfish/jaxb/jaxb-core/4.0.4/jaxb-core-4.0.4.jar:/Users/dineshkorukonda/.m2/repository/org/eclipse/angus/angus-activation/2.0.1/angus-activation-2.0.1.jar:/Users/dineshkorukonda/.m2/repository/org/glassfish/jaxb/txw2/4.0.4/txw2-4.0.4.jar:/Users/dineshkorukonda/.m2/repository/com/sun/istack/istack-commons-runtime/4.1.2/istack-commons-runtime-4.1.2.jar:/Users/dineshkorukonda/.m2/repository/jakarta/inject/jakarta.inject-api/2.0.1/jakarta.inject-api-2.0.1.jar:/Users/dineshkorukonda/.m2/repository/org/antlr/antlr4-runtime/4.10.1/antlr4-runtime-4.10.1.jar:/Users/dineshkorukonda/.m2/repository/org/springframework/data/spring-data-jpa/3.2.0/spring-data-jpa-3.2.0.jar:/Users/dineshkorukonda/.m2/repository/org/springframework/data/spring-data-commons/3.2.0/spring-data-commons-3.2.0.jar:/Users/dineshkorukonda/.m2/repository/org/springframework/spring-orm/6.1.1/spring-orm-6.1.1.jar:/Users/dineshkorukonda/.m2/repository/org/springframework/spring-tx/6.1.1/spring-tx-6.1.1.jar:/Users/dineshkorukonda/.m2/repository/org/slf4j/slf4j-api/2.0.9/slf4j-api-2.0.9.jar:/Users/dineshkorukonda/.m2/repository/org/springframework/spring-aspects/6.1.1/spring-aspects-6.1.1.jar:/Users/dineshkorukonda/.m2/repository/com/mysql/mysql-connector-j/8.0.33/mysql-connector-j-8.0.33.jar:/Users/dineshkorukonda/.m2/repository/org/projectlombok/lombok/1.18.30/lombok-1.18.30.jar:/Users/dineshkorukonda/.m2/repository/org/springframework/boot/spring-boot-devtools/3.2.0/spring-boot-devtools-3.2.0.jar:/Users/dineshkorukonda/.m2/repository/org/springframework/boot/spring-boot/3.2.0/spring-boot-3.2.0.jar:/Users/dineshkorukonda/.m2/repository/org/springframework/boot/spring-boot-autoconfigure/3.2.0/spring-boot-autoconfigure-3.2.0.jar:/Users/dineshkorukonda/.m2/repository/org/springframework/boot/spring-boot-starter-test/3.2.0/spring-boot-starter-test-3.2.0.jar:/Users/dineshkorukonda/.m2/repository/org/springframework/boot/spring-boot-test/3.2.0/spring-boot-test-3.2.0.jar:/Users/dineshkorukonda/.m2/repository/org/springframework/boot/spring-boot-test-autoconfigure/3.2.0/spring-boot-test-autoconfigure-3.2.0.jar:/Users/dineshkorukonda/.m2/repository/com/jayway/jsonpath/json-path/2.8.0/json-path-2.8.0.jar:/Users/dineshkorukonda/.m2/repository/jakarta/xml/bind/jakarta.xml.bind-api/4.0.1/jakarta.xml.bind-api-4.0.1.jar:/Users/dineshkorukonda/.m2/repository/jakarta/activation/jakarta.activation-api/2.1.2/jakarta.activation-api-2.1.2.jar:/Users/dineshkorukonda/.m2/repository/net/minidev/json-smart/2.5.0/json-smart-2.5.0.jar:/Users/dineshkorukonda/.m2/repository/net/minidev/accessors-smart/2.5.0/accessors-smart-2.5.0.jar:/Users/dineshkorukonda/.m2/repository/org/ow2/asm/asm/9.3/asm-9.3.jar:/Users/dineshkorukonda/.m2/repository/org/assertj/assertj-core/3.24.2/assertj-core-3.24.2.jar:/Users/dineshkorukonda/.m2/repository/org/awaitility/awaitility/4.2.0/awaitility-4.2.0.jar:/Users/dineshkorukonda/.m2/repository/org/hamcrest/hamcrest/2.2/hamcrest-2.2.jar:/Users/dineshkorukonda/.m2/repository/org/junit/jupiter/junit-jupiter/5.10.1/junit-jupiter-5.10.1.jar:/Users/dineshkorukonda/.m2/repository/org/junit/jupiter/junit-jupiter-api/5.10.1/junit-jupiter-api-5.10.1.jar:/Users/dineshkorukonda/.m2/repository/org/opentest4j/opentest4j/1.3.0/opentest4j-1.3.0.jar:/Users/dineshkorukonda/.m2/repository/org/junit/platform/junit-platform-commons/1.10.1/junit-platform-commons-1.10.1.jar:/Users/dineshkorukonda/.m2/repository/org/apiguardian/apiguardian-api/1.1.2/apiguardian-api-1.1.2.jar:/Users/dineshkorukonda/.m2/repository/org/junit/jupiter/junit-jupiter-params/5.10.1/junit-jupiter-params-5.10.1.jar:/Users/dineshkorukonda/.m2/repository/org/junit/jupiter/junit-jupiter-engine/5.10.1/junit-jupiter-engine-5.10.1.jar:/Users/dineshkorukonda/.m2/repository/org/junit/platform/junit-platform-engine/1.10.1/junit-platform-engine-1.10.1.jar:/Users/dineshkorukonda/.m2/repository/org/mockito/mockito-core/5.7.0/mockito-core-5.7.0.jar:/Users/dineshkorukonda/.m2/repository/net/bytebuddy/byte-buddy-agent/1.14.10/byte-buddy-agent-1.14.10.jar:/Users/dineshkorukonda/.m2/repository/org/objenesis/objenesis/3.3/objenesis-3.3.jar:/Users/dineshkorukonda/.m2/repository/org/mockito/mockito-junit-jupiter/5.7.0/mockito-junit-jupiter-5.7.0.jar:/Users/dineshkorukonda/.m2/repository/org/skyscreamer/jsonassert/1.5.1/jsonassert-1.5.1.jar:/Users/dineshkorukonda/.m2/repository/com/vaadin/external/google/android-json/0.0.20131108.vaadin1/android-json-0.0.20131108.vaadin1.jar:/Users/dineshkorukonda/.m2/repository/org/springframework/spring-core/6.1.1/spring-core-6.1.1.jar:/Users/dineshkorukonda/.m2/repository/org/springframework/spring-jcl/6.1.1/spring-jcl-6.1.1.jar:/Users/dineshkorukonda/.m2/repository/org/springframework/spring-test/6.1.1/spring-test-6.1.1.jar:/Users/dineshkorukonda/.m2/repository/org/xmlunit/xmlunit-core/2.9.1/xmlunit-core-2.9.1.jar:"/>
    <property name="java.vm.vendor" value="Homebrew"/>
    <property name="sun.arch.data.model" value="64"/>
    <property name="java.vendor.url" value="https://github.com/Homebrew/homebrew-core/issues"/>
    <property name="user.timezone" value="Asia/Kolkata"/>
    <property name="org.jboss.logging.provider" value="slf4j"/>
    <property name="os.name" value="Mac OS X"/>
    <property name="java.vm.specification.version" value="23"/>
    <property name="sun.java.launcher" value="SUN_STANDARD"/>
    <property name="user.country" value="US"/>
    <property name="sun.boot.library.path" value="/opt/homebrew/Cellar/openjdk/23.0.2/libexec/openjdk.jdk/Contents/Home/lib"/>
    <property name="sun.java.command" value="/Users/dineshkorukonda/Developer/Learn/spring-crud/demo/target/surefire/surefirebooter-20250219121141667_3.jar /Users/dineshkorukonda/Developer/Learn/spring-crud/demo/target/surefire 2025-02-19T12-11-41_627-jvmRun1 surefire-20250219121141667_1tmp surefire_0-20250219121141667_2tmp"/>
    <property name="http.nonProxyHosts" value="local|*.local|169.254/16|*.169.254/16"/>
    <property name="jdk.debug" value="release"/>
    <property name="surefire.test.class.path" value="/Users/dineshkorukonda/Developer/Learn/spring-crud/demo/target/test-classes:/Users/dineshkorukonda/Developer/Learn/spring-crud/demo/target/classes:/Users/dineshkorukonda/.m2/repository/org/springframework/boot/spring-boot-starter-web/3.2.0/spring-boot-starter-web-3.2.0.jar:/Users/dineshkorukonda/.m2/repository/org/springframework/boot/spring-boot-starter/3.2.0/spring-boot-starter-3.2.0.jar:/Users/dineshkorukonda/.m2/repository/org/springframework/boot/spring-boot-starter-logging/3.2.0/spring-boot-starter-logging-3.2.0.jar:/Users/dineshkorukonda/.m2/repository/ch/qos/logback/logback-classic/1.4.11/logback-classic-1.4.11.jar:/Users/dineshkorukonda/.m2/repository/ch/qos/logback/logback-core/1.4.11/logback-core-1.4.11.jar:/Users/dineshkorukonda/.m2/repository/org/apache/logging/log4j/log4j-to-slf4j/2.21.1/log4j-to-slf4j-2.21.1.jar:/Users/dineshkorukonda/.m2/repository/org/apache/logging/log4j/log4j-api/2.21.1/log4j-api-2.21.1.jar:/Users/dineshkorukonda/.m2/repository/org/slf4j/jul-to-slf4j/2.0.9/jul-to-slf4j-2.0.9.jar:/Users/dineshkorukonda/.m2/repository/jakarta/annotation/jakarta.annotation-api/2.1.1/jakarta.annotation-api-2.1.1.jar:/Users/dineshkorukonda/.m2/repository/org/yaml/snakeyaml/2.2/snakeyaml-2.2.jar:/Users/dineshkorukonda/.m2/repository/org/springframework/boot/spring-boot-starter-json/3.2.0/spring-boot-starter-json-3.2.0.jar:/Users/dineshkorukonda/.m2/repository/com/fasterxml/jackson/core/jackson-databind/2.15.3/jackson-databind-2.15.3.jar:/Users/dineshkorukonda/.m2/repository/com/fasterxml/jackson/core/jackson-annotations/2.15.3/jackson-annotations-2.15.3.jar:/Users/dineshkorukonda/.m2/repository/com/fasterxml/jackson/core/jackson-core/2.15.3/jackson-core-2.15.3.jar:/Users/dineshkorukonda/.m2/repository/com/fasterxml/jackson/datatype/jackson-datatype-jdk8/2.15.3/jackson-datatype-jdk8-2.15.3.jar:/Users/dineshkorukonda/.m2/repository/com/fasterxml/jackson/datatype/jackson-datatype-jsr310/2.15.3/jackson-datatype-jsr310-2.15.3.jar:/Users/dineshkorukonda/.m2/repository/com/fasterxml/jackson/module/jackson-module-parameter-names/2.15.3/jackson-module-parameter-names-2.15.3.jar:/Users/dineshkorukonda/.m2/repository/org/springframework/boot/spring-boot-starter-tomcat/3.2.0/spring-boot-starter-tomcat-3.2.0.jar:/Users/dineshkorukonda/.m2/repository/org/apache/tomcat/embed/tomcat-embed-core/10.1.16/tomcat-embed-core-10.1.16.jar:/Users/dineshkorukonda/.m2/repository/org/apache/tomcat/embed/tomcat-embed-el/10.1.16/tomcat-embed-el-10.1.16.jar:/Users/dineshkorukonda/.m2/repository/org/apache/tomcat/embed/tomcat-embed-websocket/10.1.16/tomcat-embed-websocket-10.1.16.jar:/Users/dineshkorukonda/.m2/repository/org/springframework/spring-web/6.1.1/spring-web-6.1.1.jar:/Users/dineshkorukonda/.m2/repository/org/springframework/spring-beans/6.1.1/spring-beans-6.1.1.jar:/Users/dineshkorukonda/.m2/repository/io/micrometer/micrometer-observation/1.12.0/micrometer-observation-1.12.0.jar:/Users/dineshkorukonda/.m2/repository/io/micrometer/micrometer-commons/1.12.0/micrometer-commons-1.12.0.jar:/Users/dineshkorukonda/.m2/repository/org/springframework/spring-webmvc/6.1.1/spring-webmvc-6.1.1.jar:/Users/dineshkorukonda/.m2/repository/org/springframework/spring-aop/6.1.1/spring-aop-6.1.1.jar:/Users/dineshkorukonda/.m2/repository/org/springframework/spring-context/6.1.1/spring-context-6.1.1.jar:/Users/dineshkorukonda/.m2/repository/org/springframework/spring-expression/6.1.1/spring-expression-6.1.1.jar:/Users/dineshkorukonda/.m2/repository/org/springframework/boot/spring-boot-starter-data-jpa/3.2.0/spring-boot-starter-data-jpa-3.2.0.jar:/Users/dineshkorukonda/.m2/repository/org/springframework/boot/spring-boot-starter-aop/3.2.0/spring-boot-starter-aop-3.2.0.jar:/Users/dineshkorukonda/.m2/repository/org/aspectj/aspectjweaver/1.9.20.1/aspectjweaver-1.9.20.1.jar:/Users/dineshkorukonda/.m2/repository/org/springframework/boot/spring-boot-starter-jdbc/3.2.0/spring-boot-starter-jdbc-3.2.0.jar:/Users/dineshkorukonda/.m2/repository/com/zaxxer/HikariCP/5.0.1/HikariCP-5.0.1.jar:/Users/dineshkorukonda/.m2/repository/org/springframework/spring-jdbc/6.1.1/spring-jdbc-6.1.1.jar:/Users/dineshkorukonda/.m2/repository/org/hibernate/orm/hibernate-core/6.3.1.Final/hibernate-core-6.3.1.Final.jar:/Users/dineshkorukonda/.m2/repository/jakarta/persistence/jakarta.persistence-api/3.1.0/jakarta.persistence-api-3.1.0.jar:/Users/dineshkorukonda/.m2/repository/jakarta/transaction/jakarta.transaction-api/2.0.1/jakarta.transaction-api-2.0.1.jar:/Users/dineshkorukonda/.m2/repository/org/jboss/logging/jboss-logging/3.5.3.Final/jboss-logging-3.5.3.Final.jar:/Users/dineshkorukonda/.m2/repository/org/hibernate/common/hibernate-commons-annotations/6.0.6.Final/hibernate-commons-annotations-6.0.6.Final.jar:/Users/dineshkorukonda/.m2/repository/io/smallrye/jandex/3.1.2/jandex-3.1.2.jar:/Users/dineshkorukonda/.m2/repository/com/fasterxml/classmate/1.6.0/classmate-1.6.0.jar:/Users/dineshkorukonda/.m2/repository/net/bytebuddy/byte-buddy/1.14.10/byte-buddy-1.14.10.jar:/Users/dineshkorukonda/.m2/repository/org/glassfish/jaxb/jaxb-runtime/4.0.4/jaxb-runtime-4.0.4.jar:/Users/dineshkorukonda/.m2/repository/org/glassfish/jaxb/jaxb-core/4.0.4/jaxb-core-4.0.4.jar:/Users/dineshkorukonda/.m2/repository/org/eclipse/angus/angus-activation/2.0.1/angus-activation-2.0.1.jar:/Users/dineshkorukonda/.m2/repository/org/glassfish/jaxb/txw2/4.0.4/txw2-4.0.4.jar:/Users/dineshkorukonda/.m2/repository/com/sun/istack/istack-commons-runtime/4.1.2/istack-commons-runtime-4.1.2.jar:/Users/dineshkorukonda/.m2/repository/jakarta/inject/jakarta.inject-api/2.0.1/jakarta.inject-api-2.0.1.jar:/Users/dineshkorukonda/.m2/repository/org/antlr/antlr4-runtime/4.10.1/antlr4-runtime-4.10.1.jar:/Users/dineshkorukonda/.m2/repository/org/springframework/data/spring-data-jpa/3.2.0/spring-data-jpa-3.2.0.jar:/Users/dineshkorukonda/.m2/repository/org/springframework/data/spring-data-commons/3.2.0/spring-data-commons-3.2.0.jar:/Users/dineshkorukonda/.m2/repository/org/springframework/spring-orm/6.1.1/spring-orm-6.1.1.jar:/Users/dineshkorukonda/.m2/repository/org/springframework/spring-tx/6.1.1/spring-tx-6.1.1.jar:/Users/dineshkorukonda/.m2/repository/org/slf4j/slf4j-api/2.0.9/slf4j-api-2.0.9.jar:/Users/dineshkorukonda/.m2/repository/org/springframework/spring-aspects/6.1.1/spring-aspects-6.1.1.jar:/Users/dineshkorukonda/.m2/repository/com/mysql/mysql-connector-j/8.0.33/mysql-connector-j-8.0.33.jar:/Users/dineshkorukonda/.m2/repository/org/projectlombok/lombok/1.18.30/lombok-1.18.30.jar:/Users/dineshkorukonda/.m2/repository/org/springframework/boot/spring-boot-devtools/3.2.0/spring-boot-devtools-3.2.0.jar:/Users/dineshkorukonda/.m2/repository/org/springframework/boot/spring-boot/3.2.0/spring-boot-3.2.0.jar:/Users/dineshkorukonda/.m2/repository/org/springframework/boot/spring-boot-autoconfigure/3.2.0/spring-boot-autoconfigure-3.2.0.jar:/Users/dineshkorukonda/.m2/repository/org/springframework/boot/spring-boot-starter-test/3.2.0/spring-boot-starter-test-3.2.0.jar:/Users/dineshkorukonda/.m2/repository/org/springframework/boot/spring-boot-test/3.2.0/spring-boot-test-3.2.0.jar:/Users/dineshkorukonda/.m2/repository/org/springframework/boot/spring-boot-test-autoconfigure/3.2.0/spring-boot-test-autoconfigure-3.2.0.jar:/Users/dineshkorukonda/.m2/repository/com/jayway/jsonpath/json-path/2.8.0/json-path-2.8.0.jar:/Users/dineshkorukonda/.m2/repository/jakarta/xml/bind/jakarta.xml.bind-api/4.0.1/jakarta.xml.bind-api-4.0.1.jar:/Users/dineshkorukonda/.m2/repository/jakarta/activation/jakarta.activation-api/2.1.2/jakarta.activation-api-2.1.2.jar:/Users/dineshkorukonda/.m2/repository/net/minidev/json-smart/2.5.0/json-smart-2.5.0.jar:/Users/dineshkorukonda/.m2/repository/net/minidev/accessors-smart/2.5.0/accessors-smart-2.5.0.jar:/Users/dineshkorukonda/.m2/repository/org/ow2/asm/asm/9.3/asm-9.3.jar:/Users/dineshkorukonda/.m2/repository/org/assertj/assertj-core/3.24.2/assertj-core-3.24.2.jar:/Users/dineshkorukonda/.m2/repository/org/awaitility/awaitility/4.2.0/awaitility-4.2.0.jar:/Users/dineshkorukonda/.m2/repository/org/hamcrest/hamcrest/2.2/hamcrest-2.2.jar:/Users/dineshkorukonda/.m2/repository/org/junit/jupiter/junit-jupiter/5.10.1/junit-jupiter-5.10.1.jar:/Users/dineshkorukonda/.m2/repository/org/junit/jupiter/junit-jupiter-api/5.10.1/junit-jupiter-api-5.10.1.jar:/Users/dineshkorukonda/.m2/repository/org/opentest4j/opentest4j/1.3.0/opentest4j-1.3.0.jar:/Users/dineshkorukonda/.m2/repository/org/junit/platform/junit-platform-commons/1.10.1/junit-platform-commons-1.10.1.jar:/Users/dineshkorukonda/.m2/repository/org/apiguardian/apiguardian-api/1.1.2/apiguardian-api-1.1.2.jar:/Users/dineshkorukonda/.m2/repository/org/junit/jupiter/junit-jupiter-params/5.10.1/junit-jupiter-params-5.10.1.jar:/Users/dineshkorukonda/.m2/repository/org/junit/jupiter/junit-jupiter-engine/5.10.1/junit-jupiter-engine-5.10.1.jar:/Users/dineshkorukonda/.m2/repository/org/junit/platform/junit-platform-engine/1.10.1/junit-platform-engine-1.10.1.jar:/Users/dineshkorukonda/.m2/repository/org/mockito/mockito-core/5.7.0/mockito-core-5.7.0.jar:/Users/dineshkorukonda/.m2/repository/net/bytebuddy/byte-buddy-agent/1.14.10/byte-buddy-agent-1.14.10.jar:/Users/dineshkorukonda/.m2/repository/org/objenesis/objenesis/3.3/objenesis-3.3.jar:/Users/dineshkorukonda/.m2/repository/org/mockito/mockito-junit-jupiter/5.7.0/mockito-junit-jupiter-5.7.0.jar:/Users/dineshkorukonda/.m2/repository/org/skyscreamer/jsonassert/1.5.1/jsonassert-1.5.1.jar:/Users/dineshkorukonda/.m2/repository/com/vaadin/external/google/android-json/0.0.20131108.vaadin1/android-json-0.0.20131108.vaadin1.jar:/Users/dineshkorukonda/.m2/repository/org/springframework/spring-core/6.1.1/spring-core-6.1.1.jar:/Users/dineshkorukonda/.m2/repository/org/springframework/spring-jcl/6.1.1/spring-jcl-6.1.1.jar:/Users/dineshkorukonda/.m2/repository/org/springframework/spring-test/6.1.1/spring-test-6.1.1.jar:/Users/dineshkorukonda/.m2/repository/org/xmlunit/xmlunit-core/2.9.1/xmlunit-core-2.9.1.jar:"/>
    <property name="sun.cpu.endian" value="little"/>
    <property name="user.home" value="/Users/dineshkorukonda"/>
    <property name="user.language" value="en"/>
    <property name="java.specification.vendor" value="Oracle Corporation"/>
    <property name="java.version.date" value="2025-01-21"/>
    <property name="java.home" value="/opt/homebrew/Cellar/openjdk/23.0.2/libexec/openjdk.jdk/Contents/Home"/>
    <property name="file.separator" value="/"/>
    <property name="basedir" value="/Users/dineshkorukonda/Developer/Learn/spring-crud/demo"/>
    <property name="java.vm.compressedOopsMode" value="Zero based"/>
    <property name="line.separator" value="&#10;"/>
    <property name="java.vm.specification.vendor" value="Oracle Corporation"/>
    <property name="java.specification.name" value="Java Platform API Specification"/>
    <property name="FILE_LOG_CHARSET" value="UTF-8"/>
    <property name="java.awt.headless" value="true"/>
    <property name="apple.awt.application.name" value="ForkedBooter"/>
    <property name="surefire.real.class.path" value="/Users/dineshkorukonda/Developer/Learn/spring-crud/demo/target/surefire/surefirebooter-20250219121141667_3.jar"/>
    <property name="sun.management.compiler" value="HotSpot 64-Bit Tiered Compilers"/>
    <property name="ftp.nonProxyHosts" value="local|*.local|169.254/16|*.169.254/16"/>
    <property name="java.runtime.version" value="23.0.2"/>
    <property name="user.name" value="dineshkorukonda"/>
    <property name="stdout.encoding" value="UTF-8"/>
    <property name="path.separator" value=":"/>
    <property name="os.version" value="15.3.1"/>
    <property name="java.runtime.name" value="OpenJDK Runtime Environment"/>
    <property name="file.encoding" value="UTF-8"/>
    <property name="java.vm.name" value="OpenJDK 64-Bit Server VM"/>
    <property name="java.vendor.version" value="Homebrew"/>
    <property name="localRepository" value="/Users/dineshkorukonda/.m2/repository"/>
    <property name="java.vendor.url.bug" value="https://github.com/Homebrew/homebrew-core/issues"/>
    <property name="java.io.tmpdir" value="/var/folders/f3/_f425hp55r35w7fd1pl_np780000gn/T/"/>
    <property name="com.zaxxer.hikari.pool_number" value="1"/>
    <property name="java.version" value="23.0.2"/>
    <property name="user.dir" value="/Users/dineshkorukonda/Developer/Learn/spring-crud/demo"/>
    <property name="os.arch" value="aarch64"/>
    <property name="java.vm.specification.name" value="Java Virtual Machine Specification"/>
    <property name="PID" value="5054"/>
    <property name="CONSOLE_LOG_CHARSET" value="UTF-8"/>
    <property name="native.encoding" value="UTF-8"/>
    <property name="java.library.path" value="/Users/dineshkorukonda/Library/Java/Extensions:/Library/Java/Extensions:/Network/Library/Java/Extensions:/System/Library/Java/Extensions:/usr/lib/java:."/>
    <property name="java.vm.info" value="mixed mode, sharing"/>
    <property name="stderr.encoding" value="UTF-8"/>
    <property name="java.vendor" value="Homebrew"/>
    <property name="java.vm.version" value="23.0.2"/>
    <property name="sun.io.unicode.encoding" value="UnicodeBig"/>
    <property name="socksNonProxyHosts" value="local|*.local|169.254/16|*.169.254/16"/>
    <property name="java.class.version" value="67.0"/>
    <property name="LOGGED_APPLICATION_NAME" value="[students-crud] "/>
  </properties>
  <testcase name="contextLoads" classname="com.crud.demo.StudentsCrudApplicationTests" time="0.278">
    <system-out><![CDATA[12:11:41.989 [main] INFO org.springframework.test.context.support.AnnotationConfigContextLoaderUtils -- Could not detect default configuration classes for test class [com.crud.demo.StudentsCrudApplicationTests]: StudentsCrudApplicationTests does not declare any static, non-private, non-final, nested classes annotated with @Configuration.
12:11:42.031 [main] INFO org.springframework.boot.test.context.SpringBootTestContextBootstrapper -- Found @SpringBootConfiguration com.crud.demo.StudentsCrudApplication for test class com.crud.demo.StudentsCrudApplicationTests
12:11:42.085 [main] INFO org.springframework.boot.devtools.restart.RestartApplicationListener -- Restart disabled due to context in which it is running

  .   ____          _            __ _ _
 /\\ / ___'_ __ _ _(_)_ __  __ _ \ \ \ \
( ( )\___ | '_ | '_| | '_ \/ _` | \ \ \ \
 \\/  ___)| |_)| | | | | || (_| |  ) ) ) )
  '  |____| .__|_| |_|_| |_\__, | / / / /
 =========|_|==============|___/=/_/_/_/
&amp#27;[32m :: Spring Boot :: &amp#27;[39m              &amp#27;[2m (v3.2.0)&amp#27;[0;39m

&amp#27;[2m2025-02-19T12:11:42.174+05:30&amp#27;[0;39m &amp#27;[32m INFO&amp#27;[0;39m &amp#27;[35m5054&amp#27;[0;39m &amp#27;[2m---&amp#27;[0;39m &amp#27;[2m[students-crud] [           main]&amp#27;[0;39m &amp#27;[2m&amp#27;[0;39m&amp#27;[36mc.c.demo.StudentsCrudApplicationTests   &amp#27;[0;39m &amp#27;[2m:&amp#27;[0;39m Starting StudentsCrudApplicationTests using Java 23.0.2 with PID 5054 (started by dineshkorukonda in /Users/dineshkorukonda/Developer/Learn/spring-crud/demo)
&amp#27;[2m2025-02-19T12:11:42.175+05:30&amp#27;[0;39m &amp#27;[32m INFO&amp#27;[0;39m &amp#27;[35m5054&amp#27;[0;39m &amp#27;[2m---&amp#27;[0;39m &amp#27;[2m[students-crud] [           main]&amp#27;[0;39m &amp#27;[2m&amp#27;[0;39m&amp#27;[36mc.c.demo.StudentsCrudApplicationTests   &amp#27;[0;39m &amp#27;[2m:&amp#27;[0;39m No active profile set, falling back to 1 default profile: "default"
&amp#27;[2m2025-02-19T12:11:42.412+05:30&amp#27;[0;39m &amp#27;[32m INFO&amp#27;[0;39m &amp#27;[35m5054&amp#27;[0;39m &amp#27;[2m---&amp#27;[0;39m &amp#27;[2m[students-crud] [           main]&amp#27;[0;39m &amp#27;[2m&amp#27;[0;39m&amp#27;[36m.s.d.r.c.RepositoryConfigurationDelegate&amp#27;[0;39m &amp#27;[2m:&amp#27;[0;39m Bootstrapping Spring Data JPA repositories in DEFAULT mode.
&amp#27;[2m2025-02-19T12:11:42.434+05:30&amp#27;[0;39m &amp#27;[32m INFO&amp#27;[0;39m &amp#27;[35m5054&amp#27;[0;39m &amp#27;[2m---&amp#27;[0;39m &amp#27;[2m[students-crud] [           main]&amp#27;[0;39m &amp#27;[2m&amp#27;[0;39m&amp#27;[36m.s.d.r.c.RepositoryConfigurationDelegate&amp#27;[0;39m &amp#27;[2m:&amp#27;[0;39m Finished Spring Data repository scanning in 19 ms. Found 1 JPA repository interface.
&amp#27;[2m2025-02-19T12:11:42.599+05:30&amp#27;[0;39m &amp#27;[32m INFO&amp#27;[0;39m &amp#27;[35m5054&amp#27;[0;39m &amp#27;[2m---&amp#27;[0;39m &amp#27;[2m[students-crud] [           main]&amp#27;[0;39m &amp#27;[2m&amp#27;[0;39m&amp#27;[36mo.hibernate.jpa.internal.util.LogHelper &amp#27;[0;39m &amp#27;[2m:&amp#27;[0;39m HHH000204: Processing PersistenceUnitInfo [name: default]
&amp#27;[2m2025-02-19T12:11:42.622+05:30&amp#27;[0;39m &amp#27;[32m INFO&amp#27;[0;39m &amp#27;[35m5054&amp#27;[0;39m &amp#27;[2m---&amp#27;[0;39m &amp#27;[2m[students-crud] [           main]&amp#27;[0;39m &amp#27;[2m&amp#27;[0;39m&amp#27;[36morg.hibernate.Version                   &amp#27;[0;39m &amp#27;[2m:&amp#27;[0;39m HHH000412: Hibernate ORM core version 6.3.1.Final
&amp#27;[2m2025-02-19T12:11:42.635+05:30&amp#27;[0;39m &amp#27;[32m INFO&amp#27;[0;39m &amp#27;[35m5054&amp#27;[0;39m &amp#27;[2m---&amp#27;[0;39m &amp#27;[2m[students-crud] [           main]&amp#27;[0;39m &amp#27;[2m&amp#27;[0;39m&amp#27;[36mo.h.c.internal.RegionFactoryInitiator   &amp#27;[0;39m &amp#27;[2m:&amp#27;[0;39m HHH000026: Second-level cache disabled
&amp#27;[2m2025-02-19T12:11:42.724+05:30&amp#27;[0;39m &amp#27;[32m INFO&amp#27;[0;39m &amp#27;[35m5054&amp#27;[0;39m &amp#27;[2m---&amp#27;[0;39m &amp#27;[2m[students-crud] [           main]&amp#27;[0;39m &amp#27;[2m&amp#27;[0;39m&amp#27;[36mo.s.o.j.p.SpringPersistenceUnitInfo     &amp#27;[0;39m &amp#27;[2m:&amp#27;[0;39m No LoadTimeWeaver setup: ignoring JPA class transformer
&amp#27;[2m2025-02-19T12:11:42.735+05:30&amp#27;[0;39m &amp#27;[32m INFO&amp#27;[0;39m &amp#27;[35m5054&amp#27;[0;39m &amp#27;[2m---&amp#27;[0;39m &amp#27;[2m[students-crud] [           main]&amp#27;[0;39m &amp#27;[2m&amp#27;[0;39m&amp#27;[36mcom.zaxxer.hikari.HikariDataSource      &amp#27;[0;39m &amp#27;[2m:&amp#27;[0;39m HikariPool-1 - Starting...
&amp#27;[2m2025-02-19T12:11:42.905+05:30&amp#27;[0;39m &amp#27;[32m INFO&amp#27;[0;39m &amp#27;[35m5054&amp#27;[0;39m &amp#27;[2m---&amp#27;[0;39m &amp#27;[2m[students-crud] [           main]&amp#27;[0;39m &amp#27;[2m&amp#27;[0;39m&amp#27;[36mcom.zaxxer.hikari.pool.HikariPool       &amp#27;[0;39m &amp#27;[2m:&amp#27;[0;39m HikariPool-1 - Added connection com.mysql.cj.jdbc.ConnectionImpl@30d5e37c
&amp#27;[2m2025-02-19T12:11:42.906+05:30&amp#27;[0;39m &amp#27;[32m INFO&amp#27;[0;39m &amp#27;[35m5054&amp#27;[0;39m &amp#27;[2m---&amp#27;[0;39m &amp#27;[2m[students-crud] [           main]&amp#27;[0;39m &amp#27;[2m&amp#27;[0;39m&amp#27;[36mcom.zaxxer.hikari.HikariDataSource      &amp#27;[0;39m &amp#27;[2m:&amp#27;[0;39m HikariPool-1 - Start completed.
&amp#27;[2m2025-02-19T12:11:42.925+05:30&amp#27;[0;39m &amp#27;[33m WARN&amp#27;[0;39m &amp#27;[35m5054&amp#27;[0;39m &amp#27;[2m---&amp#27;[0;39m &amp#27;[2m[students-crud] [           main]&amp#27;[0;39m &amp#27;[2m&amp#27;[0;39m&amp#27;[36morg.hibernate.orm.deprecation           &amp#27;[0;39m &amp#27;[2m:&amp#27;[0;39m HHH90000025: MySQL8Dialect does not need to be specified explicitly using 'hibernate.dialect' (remove the property setting and it will be selected by default)
&amp#27;[2m2025-02-19T12:11:42.925+05:30&amp#27;[0;39m &amp#27;[33m WARN&amp#27;[0;39m &amp#27;[35m5054&amp#27;[0;39m &amp#27;[2m---&amp#27;[0;39m &amp#27;[2m[students-crud] [           main]&amp#27;[0;39m &amp#27;[2m&amp#27;[0;39m&amp#27;[36morg.hibernate.orm.deprecation           &amp#27;[0;39m &amp#27;[2m:&amp#27;[0;39m HHH90000026: MySQL8Dialect has been deprecated; use org.hibernate.dialect.MySQLDialect instead
&amp#27;[2m2025-02-19T12:11:43.227+05:30&amp#27;[0;39m &amp#27;[32m INFO&amp#27;[0;39m &amp#27;[35m5054&amp#27;[0;39m &amp#27;[2m---&amp#27;[0;39m &amp#27;[2m[students-crud] [           main]&amp#27;[0;39m &amp#27;[2m&amp#27;[0;39m&amp#27;[36mo.h.e.t.j.p.i.JtaPlatformInitiator      &amp#27;[0;39m &amp#27;[2m:&amp#27;[0;39m HHH000489: No JTA platform available (set 'hibernate.transaction.jta.platform' to enable JTA platform integration)
&amp#27;[2m2025-02-19T12:11:43.248+05:30&amp#27;[0;39m &amp#27;[32m INFO&amp#27;[0;39m &amp#27;[35m5054&amp#27;[0;39m &amp#27;[2m---&amp#27;[0;39m &amp#27;[2m[students-crud] [           main]&amp#27;[0;39m &amp#27;[2m&amp#27;[0;39m&amp#27;[36mj.LocalContainerEntityManagerFactoryBean&amp#27;[0;39m &amp#27;[2m:&amp#27;[0;39m Initialized JPA EntityManagerFactory for persistence unit 'default'
&amp#27;[2m2025-02-19T12:11:43.401+05:30&amp#27;[0;39m &amp#27;[33m WARN&amp#27;[0;39m &amp#27;[35m5054&amp#27;[0;39m &amp#27;[2m---&amp#27;[0;39m &amp#27;[2m[students-crud] [           main]&amp#27;[0;39m &amp#27;[2m&amp#27;[0;39m&amp#27;[36mJpaBaseConfiguration$JpaWebConfiguration&amp#27;[0;39m &amp#27;[2m:&amp#27;[0;39m spring.jpa.open-in-view is enabled by default. Therefore, database queries may be performed during view rendering. Explicitly configure spring.jpa.open-in-view to disable this warning
&amp#27;[2m2025-02-19T12:11:43.409+05:30&amp#27;[0;39m &amp#27;[32m INFO&amp#27;[0;39m &amp#27;[35m5054&amp#27;[0;39m &amp#27;[2m---&amp#27;[0;39m &amp#27;[2m[students-crud] [           main]&amp#27;[0;39m &amp#27;[2m&amp#27;[0;39m&amp#27;[36mo.s.b.a.w.s.WelcomePageHandlerMapping   &amp#27;[0;39m &amp#27;[2m:&amp#27;[0;39m Adding welcome page: class path resource [static/index.html]
&amp#27;[2m2025-02-19T12:11:43.541+05:30&amp#27;[0;39m &amp#27;[32m INFO&amp#27;[0;39m &amp#27;[35m5054&amp#27;[0;39m &amp#27;[2m---&amp#27;[0;39m &amp#27;[2m[students-crud] [           main]&amp#27;[0;39m &amp#27;[2m&amp#27;[0;39m&amp#27;[36mc.c.demo.StudentsCrudApplicationTests   &amp#27;[0;39m &amp#27;[2m:&amp#27;[0;39m Started StudentsCrudApplicationTests in 1.461 seconds (process running for 1.824)
]]></system-out>
    <system-err><![CDATA[WARNING: A Java agent has been loaded dynamically (/Users/dineshkorukonda/.m2/repository/net/bytebuddy/byte-buddy-agent/1.14.10/byte-buddy-agent-1.14.10.jar)
WARNING: If a serviceability tool is in use, please run with -XX:+EnableDynamicAgentLoading to hide this warning
WARNING: If a serviceability tool is not in use, please run with -Djdk.instrument.traceUsage for more information
WARNING: Dynamic loading of agents will be disallowed by default in a future release
]]></system-err>
  </testcase>
</testsuite>